<?xml version="1.0" encoding="UTF-8" ?>
<testsuite errors="0" failures="0" hostname="HP_1040_TEMP2" name="springapp.web.InventoryControllerTests" skipped="0" tests="1" time="0.053" timestamp="2017-07-17T01:00:11">
  <properties>
[...]
</properties>
  <testcase classname="springapp.web.InventoryControllerTests" name="testHandleRequestView" time="0.047" />
  <system-out><![CDATA[]]></system-out>
  <system-err><![CDATA[Jul 17, 2017 11:00:11 AM springapp.web.InventoryController handleRequest
INFO: returning hello view with Mon Jul 17 11:00:11 AEST 2017
]]></system-err>
</testsuite>
